TN:
SF:controllers/adminAuthController.js
FN:6,hashPassword
FN:12,comparePasswords
FN:17,signup
FN:39,login
FNF:4
FNH:4
FNDA:2,hashPassword
FNDA:2,comparePasswords
FNDA:3,signup
FNDA:4,login
DA:1,1
DA:2,1
DA:3,1
DA:4,1
DA:5,1
DA:6,1
DA:7,2
DA:8,2
DA:9,2
DA:10,2
DA:11,1
DA:12,1
DA:13,2
DA:14,2
DA:15,1
DA:16,1
DA:17,1
DA:18,3
DA:19,3
DA:20,3
DA:21,3
DA:22,1
DA:23,1
DA:24,2
DA:25,2
DA:26,2
DA:27,2
DA:28,2
DA:29,2
DA:30,1
DA:31,1
DA:32,1
DA:33,1
DA:34,1
DA:35,1
DA:36,3
DA:37,3
DA:38,1
DA:39,1
DA:40,4
DA:41,4
DA:42,4
DA:43,4
DA:44,1
DA:45,1
DA:46,2
DA:47,4
DA:48,1
DA:49,1
DA:50,1
DA:51,1
DA:52,1
DA:53,1
DA:54,1
DA:55,4
DA:56,4
DA:57,1
DA:58,1
DA:59,4
DA:60,1
LF:60
LH:60
BRDA:6,0,0,2
BRDA:12,1,0,2
BRDA:17,2,0,3
BRDA:21,3,0,1
BRDA:23,4,0,2
BRDA:30,5,0,1
BRDA:39,6,0,4
BRDA:43,7,0,3
BRDA:43,8,0,1
BRDA:45,9,0,2
BRDA:47,10,0,1
BRDA:56,11,0,1
BRF:12
BRH:12
end_of_record
TN:
SF:controllers/eventController.js
FN:38,Object.<anonymous>.exports.getEvents
FN:47,Object.<anonymous>.exports.getEventById
FN:64,Object.<anonymous>.exports.createNewEvent
FN:96,Object.<anonymous>.exports.deleteEventById
FN:116,Object.<anonymous>.exports.updateEventById
FNF:5
FNH:5
FNDA:2,Object.<anonymous>.exports.getEvents
FNDA:4,Object.<anonymous>.exports.getEventById
FNDA:2,Object.<anonymous>.exports.createNewEvent
FNDA:4,Object.<anonymous>.exports.deleteEventById
FNDA:4,Object.<anonymous>.exports.updateEventById
DA:1,1
DA:2,1
DA:3,1
DA:4,1
DA:5,1
DA:6,1
DA:7,1
DA:8,1
DA:9,1
DA:10,1
DA:11,1
DA:12,1
DA:13,1
DA:14,1
DA:15,1
DA:16,1
DA:17,1
DA:18,1
DA:19,1
DA:20,1
DA:21,1
DA:22,1
DA:23,1
DA:24,1
DA:25,1
DA:26,1
DA:27,1
DA:28,1
DA:29,1
DA:30,1
DA:31,1
DA:32,1
DA:33,1
DA:34,1
DA:35,1
DA:36,1
DA:37,1
DA:38,1
DA:39,2
DA:40,2
DA:41,1
DA:42,1
DA:43,1
DA:44,1
DA:45,2
DA:46,1
DA:47,1
DA:48,4
DA:49,4
DA:50,4
DA:51,1
DA:52,1
DA:53,3
DA:54,4
DA:55,1
DA:56,1
DA:57,1
DA:58,1
DA:59,1
DA:60,1
DA:61,1
DA:62,4
DA:63,1
DA:64,1
DA:65,2
DA:66,2
DA:67,2
DA:68,2
DA:69,2
DA:70,2
DA:71,2
DA:72,2
DA:73,2
DA:74,2
DA:75,2
DA:76,0
DA:77,0
DA:78,2
DA:79,2
DA:80,2
DA:81,2
DA:82,2
DA:83,2
DA:84,2
DA:85,2
DA:86,2
DA:87,2
DA:88,2
DA:89,2
DA:90,1
DA:91,1
DA:92,1
DA:93,1
DA:94,2
DA:95,1
DA:96,1
DA:97,4
DA:98,4
DA:99,4
DA:100,1
DA:101,1
DA:102,3
DA:103,3
DA:104,3
DA:105,2
DA:106,4
DA:107,1
DA:108,1
DA:109,1
DA:110,1
DA:111,1
DA:112,1
DA:113,1
DA:114,4
DA:115,1
DA:116,1
DA:117,4
DA:118,4
DA:119,4
DA:120,0
DA:121,0
DA:122,4
DA:123,4
DA:124,4
DA:125,4
DA:126,4
DA:127,4
DA:128,4
DA:129,4
DA:130,4
DA:131,4
DA:132,4
DA:133,4
DA:134,1
DA:135,1
DA:136,3
DA:137,3
DA:138,3
DA:139,3
DA:140,3
DA:141,3
DA:142,3
DA:143,2
DA:144,4
DA:145,1
DA:146,1
DA:147,1
DA:148,1
DA:149,1
DA:150,1
DA:151,1
DA:152,4
LF:152
LH:148
BRDA:38,0,0,2
BRDA:40,1,0,1
BRDA:47,2,0,4
BRDA:50,3,0,1
BRDA:52,4,0,3
BRDA:53,5,0,2
BRDA:54,6,0,1
BRDA:64,7,0,2
BRDA:75,8,0,0
BRDA:89,9,0,1
BRDA:96,10,0,4
BRDA:99,11,0,1
BRDA:101,12,0,3
BRDA:104,13,0,2
BRDA:106,14,0,1
BRDA:116,15,0,4
BRDA:119,16,0,0
BRDA:133,17,0,3
BRDA:133,18,0,3
BRDA:133,19,0,3
BRDA:133,20,0,3
BRDA:133,21,0,3
BRDA:133,22,0,1
BRDA:135,23,0,3
BRDA:142,24,0,2
BRDA:144,25,0,1
BRF:26
BRH:24
end_of_record
TN:
SF:controllers/historyController.js
FN:5,Object.<anonymous>.exports.getHistory
FNF:1
FNH:1
FNDA:3,Object.<anonymous>.exports.getHistory
DA:1,1
DA:2,1
DA:3,1
DA:4,1
DA:5,1
DA:6,3
DA:7,3
DA:8,3
DA:9,3
DA:10,3
DA:11,3
DA:12,2
DA:13,3
DA:14,1
DA:15,1
DA:16,1
DA:17,1
DA:18,1
DA:19,1
DA:20,1
DA:21,1
DA:22,1
DA:23,1
DA:24,1
DA:25,1
DA:26,1
DA:27,1
DA:28,1
DA:29,3
LF:29
LH:29
BRDA:5,0,0,3
BRDA:11,1,0,2
BRDA:13,2,0,1
BRF:3
BRH:3
end_of_record
TN:
SF:controllers/notificationController.js
FN:87,getNotificationsbyUser
FN:105,getAllNotifications
FN:116,markNotificationAsRead
FNF:3
FNH:3
FNDA:3,getNotificationsbyUser
FNDA:2,getAllNotifications
FNDA:4,markNotificationAsRead
DA:1,1
DA:2,1
DA:3,1
DA:4,1
DA:5,1
DA:6,1
DA:7,1
DA:8,1
DA:9,1
DA:10,1
DA:11,1
DA:12,1
DA:13,1
DA:14,1
DA:15,1
DA:16,1
DA:17,1
DA:18,1
DA:19,1
DA:20,1
DA:21,1
DA:22,1
DA:23,1
DA:24,1
DA:25,1
DA:26,1
DA:27,1
DA:28,1
DA:29,1
DA:30,1
DA:31,1
DA:32,1
DA:33,1
DA:34,1
DA:35,1
DA:36,1
DA:37,1
DA:38,1
DA:39,1
DA:40,1
DA:41,1
DA:42,1
DA:43,1
DA:44,1
DA:45,1
DA:46,1
DA:47,1
DA:48,1
DA:49,1
DA:50,1
DA:51,1
DA:52,1
DA:53,1
DA:54,1
DA:55,1
DA:56,1
DA:57,1
DA:58,1
DA:59,1
DA:60,1
DA:61,1
DA:62,1
DA:63,1
DA:64,1
DA:65,1
DA:66,1
DA:67,1
DA:68,1
DA:69,1
DA:70,1
DA:71,1
DA:72,1
DA:73,1
DA:74,1
DA:75,1
DA:76,1
DA:77,1
DA:78,1
DA:79,1
DA:80,1
DA:81,1
DA:82,1
DA:83,1
DA:84,1
DA:85,1
DA:86,1
DA:87,1
DA:88,3
DA:89,3
DA:90,3
DA:91,3
DA:92,1
DA:93,1
DA:94,2
DA:95,2
DA:96,1
DA:97,1
DA:98,1
DA:99,1
DA:100,1
DA:101,1
DA:102,3
DA:103,1
DA:104,1
DA:105,1
DA:106,2
DA:107,2
DA:108,1
DA:109,1
DA:110,1
DA:111,1
DA:112,1
DA:113,2
DA:114,1
DA:115,1
DA:116,1
DA:117,4
DA:118,4
DA:119,4
DA:120,4
DA:121,1
DA:122,1
DA:123,3
DA:124,3
DA:125,2
DA:126,4
DA:127,1
DA:128,1
DA:129,1
DA:130,1
DA:131,1
DA:132,1
DA:133,4
DA:134,1
DA:135,1
DA:136,1
DA:137,4
DA:138,1
DA:139,1
LF:139
LH:139
BRDA:87,0,0,3
BRDA:91,1,0,1
BRDA:93,2,0,2
BRDA:95,3,0,1
BRDA:105,4,0,2
BRDA:107,5,0,1
BRDA:116,6,0,4
BRDA:120,7,0,1
BRDA:122,8,0,3
BRDA:124,9,0,2
BRDA:126,10,0,1
BRDA:133,11,0,1
BRF:12
BRH:12
end_of_record
TN:
SF:controllers/profileController.js
FN:39,Object.<anonymous>.exports.getProfiles
FN:49,Object.<anonymous>.exports.getProfileById
FN:68,Object.<anonymous>.exports.updateProfileById
FN:89,Object.<anonymous>.exports.createProfile
FNF:4
FNH:4
FNDA:2,Object.<anonymous>.exports.getProfiles
FNDA:4,Object.<anonymous>.exports.getProfileById
FNDA:4,Object.<anonymous>.exports.updateProfileById
FNDA:2,Object.<anonymous>.exports.createProfile
DA:1,1
DA:2,1
DA:3,1
DA:4,1
DA:5,1
DA:6,1
DA:7,1
DA:8,1
DA:9,1
DA:10,1
DA:11,1
DA:12,1
DA:13,1
DA:14,1
DA:15,1
DA:16,1
DA:17,1
DA:18,1
DA:19,1
DA:20,1
DA:21,1
DA:22,1
DA:23,1
DA:24,1
DA:25,1
DA:26,1
DA:27,1
DA:28,1
DA:29,1
DA:30,1
DA:31,1
DA:32,1
DA:33,1
DA:34,1
DA:35,1
DA:36,1
DA:37,1
DA:38,1
DA:39,1
DA:40,2
DA:41,2
DA:42,1
DA:43,1
DA:44,1
DA:45,1
DA:46,1
DA:47,2
DA:48,1
DA:49,1
DA:50,4
DA:51,4
DA:52,4
DA:53,4
DA:54,1
DA:55,1
DA:56,3
DA:57,2
DA:58,4
DA:59,1
DA:60,1
DA:61,1
DA:62,1
DA:63,4
DA:64,1
DA:65,1
DA:66,4
DA:67,1
DA:68,1
DA:69,4
DA:70,4
DA:71,4
DA:72,1
DA:73,1
DA:74,3
DA:75,2
DA:76,4
DA:77,1
DA:78,1
DA:79,1
DA:80,1
DA:81,1
DA:82,1
DA:83,1
DA:84,4
DA:85,1
DA:86,1
DA:87,4
DA:88,1
DA:89,1
DA:90,2
DA:91,2
DA:92,2
DA:93,2
DA:94,1
DA:95,1
DA:96,1
DA:97,1
DA:98,1
DA:99,1
DA:100,1
DA:101,1
DA:102,1
DA:103,2
LF:103
LH:103
BRDA:39,0,0,2
BRDA:41,1,0,1
BRDA:49,2,0,4
BRDA:53,3,0,1
BRDA:55,4,0,3
BRDA:56,5,0,2
BRDA:58,6,0,1
BRDA:63,7,0,1
BRDA:68,8,0,4
BRDA:71,9,0,1
BRDA:73,10,0,3
BRDA:74,11,0,2
BRDA:76,12,0,1
BRDA:84,13,0,1
BRDA:89,14,0,2
BRDA:93,15,0,1
BRF:16
BRH:16
end_of_record
TN:
SF:controllers/reportController.js
FN:6,Object.<anonymous>.exports.generateUsersEventsReport
FNF:1
FNH:1
FNDA:2,Object.<anonymous>.exports.generateUsersEventsReport
DA:1,1
DA:2,1
DA:3,1
DA:4,1
DA:5,1
DA:6,1
DA:7,2
DA:8,2
DA:9,1
DA:10,1
DA:11,1
DA:12,1
DA:13,2
DA:14,2
DA:15,2
DA:16,2
DA:17,2
DA:18,2
DA:19,2
DA:20,1
DA:21,1
DA:22,1
DA:23,1
DA:24,1
DA:25,1
DA:26,1
DA:27,1
DA:28,1
DA:29,1
DA:30,1
DA:31,1
DA:32,1
DA:33,1
DA:34,1
DA:35,1
DA:36,1
DA:37,2
LF:37
LH:37
BRDA:6,0,0,2
BRDA:8,1,0,1
BRDA:12,2,0,2
BRDA:15,3,0,0
BRDA:17,4,0,0
BRDA:13,5,0,3
BRDA:14,6,0,3
BRDA:15,7,0,2
BRF:8
BRH:6
end_of_record
TN:
SF:controllers/signUpController.js
FN:59,signUpForEvent
FN:85,getAllSignups
FNF:2
FNH:2
FNDA:3,signUpForEvent
FNDA:3,getAllSignups
DA:1,1
DA:2,1
DA:3,1
DA:4,1
DA:5,1
DA:6,1
DA:7,1
DA:8,1
DA:9,1
DA:10,1
DA:11,1
DA:12,1
DA:13,1
DA:14,1
DA:15,1
DA:16,1
DA:17,1
DA:18,1
DA:19,1
DA:20,1
DA:21,1
DA:22,1
DA:23,1
DA:24,1
DA:25,1
DA:26,1
DA:27,1
DA:28,1
DA:29,1
DA:30,1
DA:31,1
DA:32,1
DA:33,1
DA:34,1
DA:35,1
DA:36,1
DA:37,1
DA:38,1
DA:39,1
DA:40,1
DA:41,1
DA:42,1
DA:43,1
DA:44,1
DA:45,1
DA:46,1
DA:47,1
DA:48,1
DA:49,1
DA:50,1
DA:51,1
DA:52,1
DA:53,1
DA:54,1
DA:55,1
DA:56,1
DA:57,1
DA:58,1
DA:59,1
DA:60,3
DA:61,3
DA:62,3
DA:63,3
DA:64,3
DA:65,2
DA:66,3
DA:67,1
DA:68,1
DA:69,1
DA:70,1
DA:71,1
DA:72,1
DA:73,1
DA:74,1
DA:75,1
DA:76,1
DA:77,1
DA:78,1
DA:79,1
DA:80,1
DA:81,1
DA:82,3
DA:83,1
DA:84,1
DA:85,1
DA:86,3
DA:87,3
DA:88,3
DA:89,3
DA:90,0
DA:91,0
DA:92,3
DA:93,3
DA:94,3
DA:95,0
DA:96,0
DA:97,0
DA:98,3
DA:99,1
DA:100,1
LF:100
LH:95
BRDA:59,0,0,3
BRDA:64,1,0,2
BRDA:66,2,0,1
BRDA:85,3,0,3
BRDA:89,4,0,0
BRDA:94,5,0,0
BRF:6
BRH:4
end_of_record
TN:
SF:controllers/userAuthController.js
FN:6,hashPassword
FN:12,comparePasswords
FN:17,signup
FN:39,login
FN:61,logout
FNF:5
FNH:5
FNDA:2,hashPassword
FNDA:2,comparePasswords
FNDA:3,signup
FNDA:4,login
FNDA:2,logout
DA:1,1
DA:2,1
DA:3,1
DA:4,1
DA:5,1
DA:6,1
DA:7,2
DA:8,2
DA:9,1
DA:10,1
DA:11,1
DA:12,1
DA:13,2
DA:14,2
DA:15,1
DA:16,1
DA:17,1
DA:18,3
DA:19,3
DA:20,3
DA:21,3
DA:22,1
DA:23,1
DA:24,2
DA:25,2
DA:26,2
DA:27,1
DA:28,1
DA:29,1
DA:30,1
DA:31,1
DA:32,1
DA:33,1
DA:34,1
DA:35,1
DA:36,3
DA:37,3
DA:38,1
DA:39,1
DA:40,4
DA:41,4
DA:42,4
DA:43,4
DA:44,1
DA:45,1
DA:46,2
DA:47,4
DA:48,1
DA:49,1
DA:50,1
DA:51,1
DA:52,1
DA:53,1
DA:54,1
DA:55,4
DA:56,4
DA:57,1
DA:58,1
DA:59,4
DA:60,1
DA:61,1
DA:62,2
DA:63,2
DA:64,2
DA:65,2
DA:66,2
DA:67,1
DA:68,1
DA:69,2
DA:70,1
LF:70
LH:70
BRDA:6,0,0,2
BRDA:8,1,0,1
BRDA:12,2,0,2
BRDA:17,3,0,3
BRDA:21,4,0,1
BRDA:23,5,0,2
BRDA:27,6,0,1
BRDA:39,7,0,4
BRDA:43,8,0,3
BRDA:43,9,0,1
BRDA:45,10,0,2
BRDA:47,11,0,1
BRDA:56,12,0,1
BRDA:61,13,0,2
BRDA:66,14,0,1
BRF:15
BRH:15
end_of_record
TN:
SF:models/adminAuthModel.js
FNF:0
FNH:0
DA:1,1
DA:2,1
DA:3,1
DA:4,1
DA:5,1
DA:6,1
DA:7,1
DA:8,1
DA:9,1
DA:10,1
DA:11,1
DA:12,1
DA:13,1
DA:14,1
DA:15,1
LF:15
LH:15
BRF:0
BRH:0
end_of_record
TN:
SF:models/eventModel.js
FNF:0
FNH:0
DA:1,1
DA:2,1
DA:3,1
DA:4,1
DA:5,1
DA:6,1
DA:7,1
DA:8,1
DA:9,1
DA:10,1
DA:11,1
DA:12,1
DA:13,1
DA:14,1
DA:15,1
DA:16,1
DA:17,1
DA:18,1
DA:19,1
DA:20,1
DA:21,1
DA:22,1
DA:23,1
DA:24,1
DA:25,1
DA:26,1
DA:27,1
DA:28,1
DA:29,1
DA:30,1
DA:31,1
DA:32,1
DA:33,1
DA:34,1
DA:35,1
DA:36,1
DA:37,1
DA:38,1
DA:39,1
DA:40,1
DA:41,1
DA:42,1
DA:43,1
DA:44,1
DA:45,1
DA:46,1
DA:47,1
DA:48,1
DA:49,1
DA:50,1
DA:51,1
DA:52,1
DA:53,1
DA:54,1
DA:55,1
DA:56,1
DA:57,1
DA:58,1
DA:59,1
DA:60,1
DA:61,1
DA:62,1
DA:63,1
DA:64,1
DA:65,1
DA:66,1
DA:67,1
DA:68,1
DA:69,1
DA:70,1
DA:71,1
DA:72,1
DA:73,1
DA:74,1
DA:75,1
DA:76,1
DA:77,1
DA:78,1
DA:79,1
DA:80,1
DA:81,1
DA:82,1
DA:83,1
DA:84,1
DA:85,1
DA:86,1
LF:86
LH:86
BRF:0
BRH:0
end_of_record
TN:
SF:models/historyModel.js
FNF:0
FNH:0
DA:1,1
DA:2,1
DA:3,1
DA:4,1
DA:5,1
DA:6,1
DA:7,1
DA:8,1
DA:9,1
DA:10,1
DA:11,1
DA:12,1
DA:13,1
DA:14,1
DA:15,1
DA:16,1
DA:17,1
DA:18,1
DA:19,1
DA:20,1
LF:20
LH:20
BRF:0
BRH:0
end_of_record
TN:
SF:models/notificationModel.js
FNF:0
FNH:0
DA:1,1
DA:2,1
DA:3,1
DA:4,1
DA:5,1
DA:6,1
DA:7,1
DA:8,1
DA:9,1
DA:10,1
DA:11,1
DA:12,1
DA:13,1
DA:14,1
DA:15,1
DA:16,1
DA:17,1
DA:18,1
DA:19,1
DA:20,1
DA:21,1
DA:22,1
DA:23,1
DA:24,1
DA:25,1
DA:26,1
DA:27,1
DA:28,1
DA:29,1
DA:30,1
LF:30
LH:30
BRF:0
BRH:0
end_of_record
TN:
SF:models/profilesModel.js
FNF:0
FNH:0
DA:1,1
DA:2,1
DA:3,1
DA:4,1
DA:5,1
DA:6,1
DA:7,1
DA:8,1
DA:9,1
DA:10,1
DA:11,1
DA:12,1
DA:13,1
DA:14,1
DA:15,1
DA:16,1
DA:17,1
DA:18,1
DA:19,1
DA:20,1
DA:21,1
DA:22,1
DA:23,1
DA:24,1
DA:25,1
DA:26,1
DA:27,1
DA:28,1
DA:29,1
DA:30,1
DA:31,1
DA:32,1
DA:33,1
DA:34,1
DA:35,1
DA:36,1
DA:37,1
DA:38,1
DA:39,1
DA:40,1
DA:41,1
DA:42,1
DA:43,1
DA:44,1
DA:45,1
DA:46,1
LF:46
LH:46
BRF:0
BRH:0
end_of_record
TN:
SF:models/signUpModel.js
FNF:0
FNH:0
DA:1,1
DA:2,1
DA:3,1
DA:4,1
DA:5,1
DA:6,1
DA:7,1
DA:8,1
DA:9,1
DA:10,1
DA:11,1
DA:12,1
DA:13,1
DA:14,1
DA:15,1
DA:16,1
DA:17,1
DA:18,1
DA:19,1
DA:20,1
DA:21,1
DA:22,1
DA:23,1
DA:24,1
DA:25,1
DA:26,1
DA:27,1
DA:28,1
DA:29,1
DA:30,1
DA:31,1
DA:32,1
DA:33,1
DA:34,1
DA:35,1
DA:36,1
DA:37,1
DA:38,1
DA:39,1
DA:40,1
DA:41,1
DA:42,1
DA:43,1
DA:44,1
DA:45,1
DA:46,1
DA:47,1
DA:48,1
DA:49,1
DA:50,1
DA:51,1
DA:52,1
DA:53,1
DA:54,1
DA:55,1
DA:56,1
DA:57,1
DA:58,1
DA:59,1
DA:60,1
DA:61,1
DA:62,1
DA:63,1
DA:64,1
DA:65,1
DA:66,1
LF:66
LH:66
BRF:0
BRH:0
end_of_record
TN:
SF:models/userAuthModel.js
FNF:0
FNH:0
DA:1,1
DA:2,1
DA:3,1
DA:4,1
DA:5,1
DA:6,1
DA:7,1
DA:8,1
DA:9,1
DA:10,1
DA:11,1
DA:12,1
DA:13,1
DA:14,1
DA:15,1
LF:15
LH:15
BRF:0
BRH:0
end_of_record
